<?xml version="1.0" encoding="UTF-8"?>
<testng-results ignored="0" total="1" passed="1" failed="0" skipped="0">
  <reporter-output>
  </reporter-output>
  <suite started-at="2024-04-12T23:57:16 IST" name="Suite" finished-at="2024-04-12T23:57:51 IST" duration-ms="35276">
    <groups>
    </groups>
    <test started-at="2024-04-12T23:57:16 IST" name="Test" finished-at="2024-04-12T23:57:51 IST" duration-ms="35276">
      <class name="testProject.tests.TestLogin">
        <test-method signature="test1()[pri:0, instance:testProject.tests.TestLogin@42a48628]" started-at="2024-04-12T23:57:16 IST" name="test1" finished-at="2024-04-12T23:57:51 IST" duration-ms="35233" status="PASS">
          <reporter-output>
          </reporter-output>
        </test-method> <!-- test1 -->
      </class> <!-- testProject.tests.TestLogin -->
    </test> <!-- Test -->
  </suite> <!-- Suite -->
</testng-results>
